2022-11-26T03:01:52+00:00 DEBUG Automattic\WooCommerce\GoogleListingsAndAds\Product\WCProductAdapter::map_product_categories Product category (ID: 6389): ["Noodles > INSTANT NOODLES","Noodles"].
2022-11-26T03:01:52+00:00 DEBUG Automattic\WooCommerce\GoogleListingsAndAds\Product\WCProductAdapter::map_product_categories Product category (ID: 6394): ["Noodles > INSTANT NOODLES","Noodles"].
2022-11-26T03:01:52+00:00 DEBUG Automattic\WooCommerce\GoogleListingsAndAds\Product\WCProductAdapter::map_product_categories Product category (ID: 6398): ["Noodles > INSTANT NOODLES","Noodles"].
2022-11-26T03:01:52+00:00 DEBUG Automattic\WooCommerce\GoogleListingsAndAds\Product\WCProductAdapter::map_product_categories Product category (ID: 6403): ["Noodles > INSTANT NOODLES","Noodles"].
2022-11-26T03:01:52+00:00 DEBUG Automattic\WooCommerce\GoogleListingsAndAds\Product\WCProductAdapter::map_product_categories Product category (ID: 6407): ["Noodles > INSTANT NOODLES","Noodles"].
2022-11-26T03:01:52+00:00 DEBUG Automattic\WooCommerce\GoogleListingsAndAds\Product\WCProductAdapter::map_product_categories Product category (ID: 6410): ["Noodles > INSTANT NOODLES","Noodles"].
2022-11-26T03:01:52+00:00 DEBUG Automattic\WooCommerce\GoogleListingsAndAds\Product\WCProductAdapter::map_product_categories Product category (ID: 6416): ["Noodles > INSTANT NOODLES","Noodles"].
2022-11-26T03:01:52+00:00 DEBUG Automattic\WooCommerce\GoogleListingsAndAds\Product\WCProductAdapter::map_product_categories Product category (ID: 6420): ["Noodles > INSTANT NOODLES","Noodles"].
2022-11-26T03:01:52+00:00 DEBUG Automattic\WooCommerce\GoogleListingsAndAds\Product\WCProductAdapter::map_product_categories Product category (ID: 6425): ["Noodles > INSTANT NOODLES","Noodles"].
2022-11-26T03:01:52+00:00 DEBUG Automattic\WooCommerce\GoogleListingsAndAds\Product\WCProductAdapter::map_product_categories Product category (ID: 6432): ["Herbs &amp; Spices","Pastes &amp; Spice \u039cixes > Spice Mixes","Herbs &amp; Spices > Spices","Pastes &amp; Spice \u039cixes"].
2022-11-26T03:01:52+00:00 DEBUG Automattic\WooCommerce\GoogleListingsAndAds\Product\WCProductAdapter::map_product_categories Product category (ID: 6437): ["Herbs &amp; Spices","Pastes &amp; Spice \u039cixes","Pastes &amp; Spice \u039cixes > Spice Mixes","Herbs &amp; Spices > Spices"].
2022-11-26T03:01:52+00:00 DEBUG Automattic\WooCommerce\GoogleListingsAndAds\Product\WCProductAdapter::map_product_categories Product category (ID: 6443): ["Flour &amp; Wheat products > Flour &amp; Starch","Flour &amp; Wheat products"].
2022-11-26T03:01:52+00:00 DEBUG Automattic\WooCommerce\GoogleListingsAndAds\Product\WCProductAdapter::map_product_categories Product category (ID: 6448): ["Home DIY Meal Kits"].
2022-11-26T03:01:52+00:00 DEBUG Automattic\WooCommerce\GoogleListingsAndAds\Product\WCProductAdapter::map_product_categories Product category (ID: 6470): ["Herbs &amp; Spices","Herbs &amp; Spices > Spices"].
2022-11-26T03:01:52+00:00 DEBUG Automattic\WooCommerce\GoogleListingsAndAds\Product\WCProductAdapter::map_product_categories Product category (ID: 6475): ["Herbs &amp; Spices","Herbs &amp; Spices > Spices"].
2022-11-26T03:01:52+00:00 DEBUG Automattic\WooCommerce\GoogleListingsAndAds\Product\WCProductAdapter::map_product_categories Product category (ID: 6478): ["Herbs &amp; Spices","Herbs &amp; Spices > Spices"].
2022-11-26T03:01:52+00:00 DEBUG Automattic\WooCommerce\GoogleListingsAndAds\Product\WCProductAdapter::map_product_categories Product category (ID: 6484): ["Herbs &amp; Spices","Herbs &amp; Spices > Spices"].
2022-11-26T03:01:52+00:00 DEBUG Automattic\WooCommerce\GoogleListingsAndAds\Product\WCProductAdapter::map_product_categories Product category (ID: 6491): ["Herbs &amp; Spices","Herbs &amp; Spices > Spices"].
2022-11-26T03:01:52+00:00 DEBUG Automattic\WooCommerce\GoogleListingsAndAds\Product\WCProductAdapter::map_product_categories Product category (ID: 6502): ["Herbs &amp; Spices","Herbs &amp; Spices > Spices"].
2022-11-26T03:01:54+00:00 DEBUG Automattic\WooCommerce\GoogleListingsAndAds\Product\ProductSyncer::update_by_batch_requests Submitted 19 products:
[{"woocommerce_id":6389,"google_id":"online:en:GR:gla_6389"},{"woocommerce_id":6394,"google_id":"online:en:GR:gla_6394"},{"woocommerce_id":6398,"google_id":"online:en:GR:gla_6398"},{"woocommerce_id":6403,"google_id":"online:en:GR:gla_6403"},{"woocommerce_id":6407,"google_id":"online:en:GR:gla_6407"},{"woocommerce_id":6410,"google_id":"online:en:GR:gla_6410"},{"woocommerce_id":6416,"google_id":"online:en:GR:gla_6416"},{"woocommerce_id":6420,"google_id":"online:en:GR:gla_6420"},{"woocommerce_id":6425,"google_id":"online:en:GR:gla_6425"},{"woocommerce_id":6432,"google_id":"online:en:GR:gla_6432"},{"woocommerce_id":6437,"google_id":"online:en:GR:gla_6437"},{"woocommerce_id":6443,"google_id":"online:en:GR:gla_6443"},{"woocommerce_id":6448,"google_id":"online:en:GR:gla_6448"},{"woocommerce_id":6470,"google_id":"online:en:GR:gla_6470"},{"woocommerce_id":6475,"google_id":"online:en:GR:gla_6475"},{"woocommerce_id":6478,"google_id":"online:en:GR:gla_6478"},{"woocommerce_id":6484,"google_id":"online:en:GR:gla_6484"},{"woocommerce_id":6491,"google_id":"online:en:GR:gla_6491"},{"woocommerce_id":6502,"google_id":"online:en:GR:gla_6502"}]
2022-11-26T06:20:09+00:00 DEBUG Automattic\WooCommerce\GoogleListingsAndAds\MerchantCenter\MerchantStatuses::filter_valid_statuses A Google ID was not found in Merchant Center.
2022-11-26T06:20:09+00:00 DEBUG Automattic\WooCommerce\GoogleListingsAndAds\MerchantCenter\MerchantStatuses::filter_valid_statuses A Google ID was not found in Merchant Center.
2022-11-26T06:20:09+00:00 DEBUG Automattic\WooCommerce\GoogleListingsAndAds\MerchantCenter\MerchantStatuses::filter_valid_statuses A Google ID was not found in Merchant Center.
